<?xml version="1.0" encoding="UTF-8"?>
<testng-results ignored="0" total="5" passed="5" failed="0" skipped="0">
  <reporter-output>
  </reporter-output>
  <suite started-at="2022-01-04T12:02:07 EST" name="Adhoc" finished-at="2022-01-04T12:02:39 EST" duration-ms="31625">
    <groups>
    </groups>
    <test started-at="2022-01-04T12:02:07 EST" name="RegressionofChrome" finished-at="2022-01-04T12:02:39 EST" duration-ms="31625">
      <class name="Automation_withTestNG.Dataprovider">
        <test-method is-config="true" signature="browsers(java.lang.String,java.lang.String)[pri:0, instance:Automation_withTestNG.Dataprovider@dbf57b3]" started-at="2022-01-04T12:02:07 EST" name="browsers" finished-at="2022-01-04T12:02:09 EST" duration-ms="2102" status="PASS">
          <params>
            <param index="0">
              <value>
                <![CDATA[Chrome]]>
              </value>
            </param>
            <param index="1">
              <value>
                <![CDATA[https://www.facebook.com/]]>
              </value>
            </param>
          </params>
          <reporter-output>
          </reporter-output>
        </test-method> <!-- browsers -->
        <test-method signature="f(java.lang.String,java.lang.String)[pri:0, instance:Automation_withTestNG.Dataprovider@dbf57b3]" started-at="2022-01-04T12:02:09 EST" name="f" data-provider="provider" finished-at="2022-01-04T12:02:10 EST" duration-ms="340" status="PASS">
          <params>
            <param index="0">
              <value>
                <![CDATA[nishchal]]>
              </value>
            </param>
            <param index="1">
              <value>
                <![CDATA[nishcla]]>
              </value>
            </param>
          </params>
          <reporter-output>
          </reporter-output>
        </test-method> <!-- f -->
        <test-method is-config="true" signature="shots()[pri:0, instance:Automation_withTestNG.Dataprovider@dbf57b3]" started-at="2022-01-04T12:02:13 EST" name="shots" finished-at="2022-01-04T12:02:13 EST" duration-ms="107" status="PASS">
          <reporter-output>
          </reporter-output>
        </test-method> <!-- shots -->
        <test-method is-config="true" signature="browsers(java.lang.String,java.lang.String)[pri:0, instance:Automation_withTestNG.Dataprovider@dbf57b3]" started-at="2022-01-04T12:02:13 EST" name="browsers" finished-at="2022-01-04T12:02:15 EST" duration-ms="1436" status="PASS">
          <params>
            <param index="0">
              <value>
                <![CDATA[Chrome]]>
              </value>
            </param>
            <param index="1">
              <value>
                <![CDATA[https://www.facebook.com/]]>
              </value>
            </param>
          </params>
          <reporter-output>
          </reporter-output>
        </test-method> <!-- browsers -->
        <test-method signature="f(java.lang.String,java.lang.String)[pri:0, instance:Automation_withTestNG.Dataprovider@dbf57b3]" started-at="2022-01-04T12:02:15 EST" name="f" data-provider="provider" finished-at="2022-01-04T12:02:15 EST" duration-ms="274" status="PASS">
          <params>
            <param index="0">
              <value>
                <![CDATA[sham]]>
              </value>
            </param>
            <param index="1">
              <value>
                <![CDATA[bgte]]>
              </value>
            </param>
          </params>
          <reporter-output>
          </reporter-output>
        </test-method> <!-- f -->
        <test-method is-config="true" signature="shots()[pri:0, instance:Automation_withTestNG.Dataprovider@dbf57b3]" started-at="2022-01-04T12:02:23 EST" name="shots" finished-at="2022-01-04T12:02:23 EST" duration-ms="134" status="PASS">
          <reporter-output>
          </reporter-output>
        </test-method> <!-- shots -->
      </class> <!-- Automation_withTestNG.Dataprovider -->
      <class name="Automation_withTestNG.FindingTotalElements">
        <test-method is-config="true" signature="browsers(java.lang.String,java.lang.String)[pri:0, instance:Automation_withTestNG.FindingTotalElements@52bf72b5]" started-at="2022-01-04T12:02:23 EST" name="browsers" finished-at="2022-01-04T12:02:25 EST" duration-ms="1476" status="PASS">
          <params>
            <param index="0">
              <value>
                <![CDATA[Chrome]]>
              </value>
            </param>
            <param index="1">
              <value>
                <![CDATA[https://www.facebook.com/]]>
              </value>
            </param>
          </params>
          <reporter-output>
          </reporter-output>
        </test-method> <!-- browsers -->
        <test-method signature="ExcelSheet()[pri:0, instance:Automation_withTestNG.FindingTotalElements@52bf72b5]" started-at="2022-01-04T12:02:25 EST" name="ExcelSheet" finished-at="2022-01-04T12:02:25 EST" duration-ms="361" status="PASS">
          <reporter-output>
          </reporter-output>
        </test-method> <!-- ExcelSheet -->
        <test-method is-config="true" signature="shots()[pri:0, instance:Automation_withTestNG.FindingTotalElements@52bf72b5]" started-at="2022-01-04T12:02:25 EST" name="shots" finished-at="2022-01-04T12:02:26 EST" duration-ms="115" status="PASS">
          <reporter-output>
          </reporter-output>
        </test-method> <!-- shots -->
        <test-method is-config="true" signature="browsers(java.lang.String,java.lang.String)[pri:0, instance:Automation_withTestNG.FindingTotalElements@52bf72b5]" started-at="2022-01-04T12:02:26 EST" name="browsers" finished-at="2022-01-04T12:02:27 EST" duration-ms="1548" status="PASS">
          <params>
            <param index="0">
              <value>
                <![CDATA[Chrome]]>
              </value>
            </param>
            <param index="1">
              <value>
                <![CDATA[https://www.facebook.com/]]>
              </value>
            </param>
          </params>
          <reporter-output>
          </reporter-output>
        </test-method> <!-- browsers -->
        <test-method signature="findingElements()[pri:0, instance:Automation_withTestNG.FindingTotalElements@52bf72b5]" started-at="2022-01-04T12:02:27 EST" name="findingElements" finished-at="2022-01-04T12:02:35 EST" duration-ms="8386" status="PASS">
          <reporter-output>
          </reporter-output>
        </test-method> <!-- findingElements -->
        <test-method is-config="true" signature="shots()[pri:0, instance:Automation_withTestNG.FindingTotalElements@52bf72b5]" started-at="2022-01-04T12:02:36 EST" name="shots" finished-at="2022-01-04T12:02:36 EST" duration-ms="101" status="PASS">
          <reporter-output>
          </reporter-output>
        </test-method> <!-- shots -->
        <test-method is-config="true" signature="browsers(java.lang.String,java.lang.String)[pri:0, instance:Automation_withTestNG.FindingTotalElements@52bf72b5]" started-at="2022-01-04T12:02:36 EST" name="browsers" finished-at="2022-01-04T12:02:37 EST" duration-ms="1479" status="PASS">
          <params>
            <param index="0">
              <value>
                <![CDATA[Chrome]]>
              </value>
            </param>
            <param index="1">
              <value>
                <![CDATA[https://www.facebook.com/]]>
              </value>
            </param>
          </params>
          <reporter-output>
          </reporter-output>
        </test-method> <!-- browsers -->
        <test-method signature="propertiseofmethod()[pri:0, instance:Automation_withTestNG.FindingTotalElements@52bf72b5]" started-at="2022-01-04T12:02:37 EST" name="propertiseofmethod" finished-at="2022-01-04T12:02:38 EST" duration-ms="330" status="PASS">
          <reporter-output>
          </reporter-output>
        </test-method> <!-- propertiseofmethod -->
        <test-method is-config="true" signature="shots()[pri:0, instance:Automation_withTestNG.FindingTotalElements@52bf72b5]" started-at="2022-01-04T12:02:39 EST" name="shots" finished-at="2022-01-04T12:02:39 EST" duration-ms="32" status="FAIL">
          <exception class="org.openqa.selenium.NoSuchWindowException">
            <message>
              <![CDATA[no such window: window was already closed
  (Session info: chrome=96.0.4664.110)
Build info: version: '4.1.1', revision: 'e8fcc2cecf'
System info: host: 'DESKTOP-3E6GF7D', ip: '192.168.1.156', os.name: 'Windows 10', os.arch: 'amd64', os.version: '10.0', java.version: '16.0.2'
Driver info: org.openqa.selenium.chrome.ChromeDriver
Command: [91d6d5f6a3ae9062957eb708f4381229, screenshot {}]
Capabilities {acceptInsecureCerts: false, browserName: chrome, browserVersion: 96.0.4664.110, chrome: {chromedriverVersion: 96.0.4664.45 (76e4c1bb2ab46..., userDataDir: C:\Users\Nishchal\AppData\L...}, goog:chromeOptions: {debuggerAddress: localhost:56255}, javascriptEnabled: true, networkConnectionEnabled: false, pageLoadStrategy: normal, platform: WINDOWS, platformName: WINDOWS, proxy: Proxy(), se:cdp: ws://localhost:56255/devtoo..., se:cdpVersion: 96.0.4664.110, setWindowRect: true, strictFileInteractability: false, timeouts: {implicit: 0, pageLoad: 300000, script: 30000}, unhandledPromptBehavior: dismiss and notify, webauthn:extension:credBlob: true, webauthn:extension:largeBlob: true, webauthn:virtualAuthenticators: true}
Session ID: 91d6d5f6a3ae9062957eb708f4381229]]>
            </message>
            <full-stacktrace>
              <![CDATA[org.openqa.selenium.NoSuchWindowException: no such window: window was already closed
  (Session info: chrome=96.0.4664.110)
Build info: version: '4.1.1', revision: 'e8fcc2cecf'
System info: host: 'DESKTOP-3E6GF7D', ip: '192.168.1.156', os.name: 'Windows 10', os.arch: 'amd64', os.version: '10.0', java.version: '16.0.2'
Driver info: org.openqa.selenium.chrome.ChromeDriver
Command: [91d6d5f6a3ae9062957eb708f4381229, screenshot {}]
Capabilities {acceptInsecureCerts: false, browserName: chrome, browserVersion: 96.0.4664.110, chrome: {chromedriverVersion: 96.0.4664.45 (76e4c1bb2ab46..., userDataDir: C:\Users\Nishchal\AppData\L...}, goog:chromeOptions: {debuggerAddress: localhost:56255}, javascriptEnabled: true, networkConnectionEnabled: false, pageLoadStrategy: normal, platform: WINDOWS, platformName: WINDOWS, proxy: Proxy(), se:cdp: ws://localhost:56255/devtoo..., se:cdpVersion: 96.0.4664.110, setWindowRect: true, strictFileInteractability: false, timeouts: {implicit: 0, pageLoad: 300000, script: 30000}, unhandledPromptBehavior: dismiss and notify, webauthn:extension:credBlob: true, webauthn:extension:largeBlob: true, webauthn:virtualAuthenticators: true}
Session ID: 91d6d5f6a3ae9062957eb708f4381229
at java.base/jdk.internal.reflect.NativeConstructorAccessorImpl.newInstance0(Native Method)
at java.base/jdk.internal.reflect.NativeConstructorAccessorImpl.newInstance(NativeConstructorAccessorImpl.java:78)
at java.base/jdk.internal.reflect.DelegatingConstructorAccessorImpl.newInstance(DelegatingConstructorAccessorImpl.java:45)
at java.base/java.lang.reflect.Constructor.newInstanceWithCaller(Constructor.java:499)
at java.base/java.lang.reflect.Constructor.newInstance(Constructor.java:480)
at org.openqa.selenium.remote.codec.w3c.W3CHttpResponseCodec.createException(W3CHttpResponseCodec.java:200)
at org.openqa.selenium.remote.codec.w3c.W3CHttpResponseCodec.decode(W3CHttpResponseCodec.java:133)
at org.openqa.selenium.remote.codec.w3c.W3CHttpResponseCodec.decode(W3CHttpResponseCodec.java:53)
at org.openqa.selenium.remote.HttpCommandExecutor.execute(HttpCommandExecutor.java:184)
at org.openqa.selenium.remote.service.DriverCommandExecutor.invokeExecute(DriverCommandExecutor.java:167)
at org.openqa.selenium.remote.service.DriverCommandExecutor.execute(DriverCommandExecutor.java:142)
at org.openqa.selenium.remote.RemoteWebDriver.execute(RemoteWebDriver.java:543)
at org.openqa.selenium.remote.RemoteWebDriver.execute(RemoteWebDriver.java:598)
at org.openqa.selenium.remote.RemoteWebDriver.execute(RemoteWebDriver.java:602)
at org.openqa.selenium.remote.RemoteWebDriver.getScreenshotAs(RemoteWebDriver.java:333)
at CommonClass.CommonMethod.shots(CommonMethod.java:57)
at java.base/jdk.internal.reflect.NativeMethodAccessorImpl.invoke0(Native Method)
at java.base/jdk.internal.reflect.NativeMethodAccessorImpl.invoke(NativeMethodAccessorImpl.java:78)
at java.base/jdk.internal.reflect.DelegatingMethodAccessorImpl.invoke(DelegatingMethodAccessorImpl.java:43)
at java.base/java.lang.reflect.Method.invoke(Method.java:567)
at org.testng.internal.MethodInvocationHelper.invokeMethod(MethodInvocationHelper.java:133)
at org.testng.internal.MethodInvocationHelper.invokeMethodConsideringTimeout(MethodInvocationHelper.java:62)
at org.testng.internal.ConfigInvoker.invokeConfigurationMethod(ConfigInvoker.java:385)
at org.testng.internal.ConfigInvoker.invokeConfigurations(ConfigInvoker.java:321)
at org.testng.internal.TestInvoker.runConfigMethods(TestInvoker.java:700)
at org.testng.internal.TestInvoker.runAfterGroupsConfigurations(TestInvoker.java:676)
at org.testng.internal.TestInvoker.invokeMethod(TestInvoker.java:660)
at org.testng.internal.TestInvoker.invokeTestMethod(TestInvoker.java:173)
at org.testng.internal.MethodRunner.runInSequence(MethodRunner.java:46)
at org.testng.internal.TestInvoker$MethodInvocationAgent.invoke(TestInvoker.java:824)
at org.testng.internal.TestInvoker.invokeTestMethods(TestInvoker.java:146)
at org.testng.internal.TestMethodWorker.invokeTestMethods(TestMethodWorker.java:146)
at org.testng.internal.TestMethodWorker.run(TestMethodWorker.java:128)
at java.base/java.util.ArrayList.forEach(ArrayList.java:1511)
at org.testng.TestRunner.privateRun(TestRunner.java:794)
at org.testng.TestRunner.run(TestRunner.java:596)
at org.testng.SuiteRunner.runTest(SuiteRunner.java:377)
at org.testng.SuiteRunner.access$000(SuiteRunner.java:28)
at org.testng.SuiteRunner$SuiteWorker.run(SuiteRunner.java:418)
at org.testng.internal.thread.ThreadUtil.lambda$execute$0(ThreadUtil.java:64)
at java.base/java.util.concurrent.FutureTask.run(FutureTask.java:264)
at java.base/java.util.concurrent.ThreadPoolExecutor.runWorker(ThreadPoolExecutor.java:1130)
at java.base/java.util.concurrent.ThreadPoolExecutor$Worker.run(ThreadPoolExecutor.java:630)
at java.base/java.lang.Thread.run(Thread.java:831)
]]>
            </full-stacktrace>
          </exception> <!-- org.openqa.selenium.NoSuchWindowException -->
          <reporter-output>
          </reporter-output>
        </test-method> <!-- shots -->
      </class> <!-- Automation_withTestNG.FindingTotalElements -->
    </test> <!-- RegressionofChrome -->
  </suite> <!-- Adhoc -->
</testng-results>
